[     528ms] [INFO] %cDownload the React DevTools for a better development experience: https://reactjs.org/link/react-devtools font-weight:bold @ http://localhost:4000/node_modules/.vite/deps/chunk-GSKIDCVT.js?v=71b0f1f0:21608
[     691ms] [ERROR] ClientFetchError: Unexpected token '<', "
<html>
  <"... is not valid JSON. Read more at https://errors.authjs.dev#autherror
    at fetchData (http://localhost:4000/node_modules/.vite/deps/@auth_create_react.js?v=71b0f1f0:37:20)
    at async getSession (http://localhost:4000/node_modules/.vite/deps/@auth_create_react.js?v=71b0f1f0:190:10)
    at async authConfig.fetchSession (http://localhost:4000/node_modules/.vite/deps/@auth_create_react.js?v=71b0f1f0:136:32) @ http://localhost:4000/node_modules/.vite/deps/@auth_create_react.js?v=71b0f1f0:36
[     691ms] [ERROR] ClientFetchError: Unexpected token '<', "
<html>
  <"... is not valid JSON. Read more at https://errors.authjs.dev#autherror
    at fetchData (http://localhost:4000/node_modules/.vite/deps/@auth_create_react.js?v=71b0f1f0:37:20)
    at async getSession (http://localhost:4000/node_modules/.vite/deps/@auth_create_react.js?v=71b0f1f0:190:10)
    at async authConfig.fetchSession (http://localhost:4000/node_modules/.vite/deps/@auth_create_react.js?v=71b0f1f0:136:32) @ http://localhost:4000/node_modules/.vite/deps/@auth_create_react.js?v=71b0f1f0:36
[   83998ms] [INFO] %cDownload the React DevTools for a better development experience: https://reactjs.org/link/react-devtools font-weight:bold @ http://localhost:4000/node_modules/.vite/deps/chunk-GSKIDCVT.js?v=71b0f1f0:21608
[   84048ms] [ERROR] ClientFetchError: Unexpected token '<', "
<html>
  <"... is not valid JSON. Read more at https://errors.authjs.dev#autherror
    at fetchData (http://localhost:4000/node_modules/.vite/deps/@auth_create_react.js?v=71b0f1f0:37:20)
    at async getSession (http://localhost:4000/node_modules/.vite/deps/@auth_create_react.js?v=71b0f1f0:190:10)
    at async authConfig.fetchSession (http://localhost:4000/node_modules/.vite/deps/@auth_create_react.js?v=71b0f1f0:136:32) @ http://localhost:4000/node_modules/.vite/deps/@auth_create_react.js?v=71b0f1f0:36
[   84107ms] [ERROR] ClientFetchError: Unexpected token '<', "
<html>
  <"... is not valid JSON. Read more at https://errors.authjs.dev#autherror
    at fetchData (http://localhost:4000/node_modules/.vite/deps/@auth_create_react.js?v=71b0f1f0:37:20)
    at async getSession (http://localhost:4000/node_modules/.vite/deps/@auth_create_react.js?v=71b0f1f0:190:10)
    at async authConfig.fetchSession (http://localhost:4000/node_modules/.vite/deps/@auth_create_react.js?v=71b0f1f0:136:32) @ http://localhost:4000/node_modules/.vite/deps/@auth_create_react.js?v=71b0f1f0:36
[   90564ms] [INFO] %cDownload the React DevTools for a better development experience: https://reactjs.org/link/react-devtools font-weight:bold @ http://localhost:4000/node_modules/.vite/deps/chunk-GSKIDCVT.js?v=71b0f1f0:21608
[   90611ms] [ERROR] ClientFetchError: Unexpected token '<', "
<html>
  <"... is not valid JSON. Read more at https://errors.authjs.dev#autherror
    at fetchData (http://localhost:4000/node_modules/.vite/deps/@auth_create_react.js?v=71b0f1f0:37:20)
    at async getSession (http://localhost:4000/node_modules/.vite/deps/@auth_create_react.js?v=71b0f1f0:190:10)
    at async authConfig.fetchSession (http://localhost:4000/node_modules/.vite/deps/@auth_create_react.js?v=71b0f1f0:136:32) @ http://localhost:4000/node_modules/.vite/deps/@auth_create_react.js?v=71b0f1f0:36
[   90612ms] [ERROR] ClientFetchError: Unexpected token '<', "
<html>
  <"... is not valid JSON. Read more at https://errors.authjs.dev#autherror
    at fetchData (http://localhost:4000/node_modules/.vite/deps/@auth_create_react.js?v=71b0f1f0:37:20)
    at async getSession (http://localhost:4000/node_modules/.vite/deps/@auth_create_react.js?v=71b0f1f0:190:10)
    at async authConfig.fetchSession (http://localhost:4000/node_modules/.vite/deps/@auth_create_react.js?v=71b0f1f0:136:32) @ http://localhost:4000/node_modules/.vite/deps/@auth_create_react.js?v=71b0f1f0:36
[   95343ms] [INFO] %cDownload the React DevTools for a better development experience: https://reactjs.org/link/react-devtools font-weight:bold @ http://localhost:4000/node_modules/.vite/deps/chunk-GSKIDCVT.js?v=71b0f1f0:21608
[   95418ms] [ERROR] ClientFetchError: Unexpected token '<', "
<html>
  <"... is not valid JSON. Read more at https://errors.authjs.dev#autherror
    at fetchData (http://localhost:4000/node_modules/.vite/deps/@auth_create_react.js?v=71b0f1f0:37:20)
    at async getSession (http://localhost:4000/node_modules/.vite/deps/@auth_create_react.js?v=71b0f1f0:190:10)
    at async authConfig.fetchSession (http://localhost:4000/node_modules/.vite/deps/@auth_create_react.js?v=71b0f1f0:136:32) @ http://localhost:4000/node_modules/.vite/deps/@auth_create_react.js?v=71b0f1f0:36
[   95420ms] [ERROR] ClientFetchError: Unexpected token '<', "
<html>
  <"... is not valid JSON. Read more at https://errors.authjs.dev#autherror
    at fetchData (http://localhost:4000/node_modules/.vite/deps/@auth_create_react.js?v=71b0f1f0:37:20)
    at async getSession (http://localhost:4000/node_modules/.vite/deps/@auth_create_react.js?v=71b0f1f0:190:10)
    at async authConfig.fetchSession (http://localhost:4000/node_modules/.vite/deps/@auth_create_react.js?v=71b0f1f0:136:32) @ http://localhost:4000/node_modules/.vite/deps/@auth_create_react.js?v=71b0f1f0:36
[   99799ms] [INFO] %cDownload the React DevTools for a better development experience: https://reactjs.org/link/react-devtools font-weight:bold @ http://localhost:4000/node_modules/.vite/deps/chunk-GSKIDCVT.js?v=71b0f1f0:21608
[   99833ms] [ERROR] ClientFetchError: Unexpected token '<', "
<html>
  <"... is not valid JSON. Read more at https://errors.authjs.dev#autherror
    at fetchData (http://localhost:4000/node_modules/.vite/deps/@auth_create_react.js?v=71b0f1f0:37:20)
    at async getSession (http://localhost:4000/node_modules/.vite/deps/@auth_create_react.js?v=71b0f1f0:190:10)
    at async authConfig.fetchSession (http://localhost:4000/node_modules/.vite/deps/@auth_create_react.js?v=71b0f1f0:136:32) @ http://localhost:4000/node_modules/.vite/deps/@auth_create_react.js?v=71b0f1f0:36
[   99837ms] [ERROR] ClientFetchError: Unexpected token '<', "
<html>
  <"... is not valid JSON. Read more at https://errors.authjs.dev#autherror
    at fetchData (http://localhost:4000/node_modules/.vite/deps/@auth_create_react.js?v=71b0f1f0:37:20)
    at async getSession (http://localhost:4000/node_modules/.vite/deps/@auth_create_react.js?v=71b0f1f0:190:10)
    at async authConfig.fetchSession (http://localhost:4000/node_modules/.vite/deps/@auth_create_react.js?v=71b0f1f0:136:32) @ http://localhost:4000/node_modules/.vite/deps/@auth_create_react.js?v=71b0f1f0:36
[  109570ms] [INFO] %cDownload the React DevTools for a better development experience: https://reactjs.org/link/react-devtools font-weight:bold @ http://localhost:4000/node_modules/.vite/deps/chunk-GSKIDCVT.js?v=71b0f1f0:21608
[  109610ms] [ERROR] ClientFetchError: Unexpected token '<', "
<html>
  <"... is not valid JSON. Read more at https://errors.authjs.dev#autherror
    at fetchData (http://localhost:4000/node_modules/.vite/deps/@auth_create_react.js?v=71b0f1f0:37:20)
    at async getSession (http://localhost:4000/node_modules/.vite/deps/@auth_create_react.js?v=71b0f1f0:190:10)
    at async authConfig.fetchSession (http://localhost:4000/node_modules/.vite/deps/@auth_create_react.js?v=71b0f1f0:136:32) @ http://localhost:4000/node_modules/.vite/deps/@auth_create_react.js?v=71b0f1f0:36
[  109665ms] [ERROR] ClientFetchError: Unexpected token '<', "
<html>
  <"... is not valid JSON. Read more at https://errors.authjs.dev#autherror
    at fetchData (http://localhost:4000/node_modules/.vite/deps/@auth_create_react.js?v=71b0f1f0:37:20)
    at async getSession (http://localhost:4000/node_modules/.vite/deps/@auth_create_react.js?v=71b0f1f0:190:10)
    at async authConfig.fetchSession (http://localhost:4000/node_modules/.vite/deps/@auth_create_react.js?v=71b0f1f0:136:32) @ http://localhost:4000/node_modules/.vite/deps/@auth_create_react.js?v=71b0f1f0:36
[  110875ms] [INFO] %cDownload the React DevTools for a better development experience: https://reactjs.org/link/react-devtools font-weight:bold @ http://localhost:4000/node_modules/.vite/deps/chunk-GSKIDCVT.js?v=71b0f1f0:21608
[  110905ms] [ERROR] ClientFetchError: Unexpected token '<', "
<html>
  <"... is not valid JSON. Read more at https://errors.authjs.dev#autherror
    at fetchData (http://localhost:4000/node_modules/.vite/deps/@auth_create_react.js?v=71b0f1f0:37:20)
    at async getSession (http://localhost:4000/node_modules/.vite/deps/@auth_create_react.js?v=71b0f1f0:190:10)
    at async authConfig.fetchSession (http://localhost:4000/node_modules/.vite/deps/@auth_create_react.js?v=71b0f1f0:136:32) @ http://localhost:4000/node_modules/.vite/deps/@auth_create_react.js?v=71b0f1f0:36
[  110908ms] [ERROR] ClientFetchError: Unexpected token '<', "
<html>
  <"... is not valid JSON. Read more at https://errors.authjs.dev#autherror
    at fetchData (http://localhost:4000/node_modules/.vite/deps/@auth_create_react.js?v=71b0f1f0:37:20)
    at async getSession (http://localhost:4000/node_modules/.vite/deps/@auth_create_react.js?v=71b0f1f0:190:10)
    at async authConfig.fetchSession (http://localhost:4000/node_modules/.vite/deps/@auth_create_react.js?v=71b0f1f0:136:32) @ http://localhost:4000/node_modules/.vite/deps/@auth_create_react.js?v=71b0f1f0:36
[  114680ms] [INFO] %cDownload the React DevTools for a better development experience: https://reactjs.org/link/react-devtools font-weight:bold @ http://localhost:4000/node_modules/.vite/deps/chunk-GSKIDCVT.js?v=71b0f1f0:21608
[  114709ms] [ERROR] ClientFetchError: Unexpected token '<', "
<html>
  <"... is not valid JSON. Read more at https://errors.authjs.dev#autherror
    at fetchData (http://localhost:4000/node_modules/.vite/deps/@auth_create_react.js?v=71b0f1f0:37:20)
    at async getSession (http://localhost:4000/node_modules/.vite/deps/@auth_create_react.js?v=71b0f1f0:190:10)
    at async authConfig.fetchSession (http://localhost:4000/node_modules/.vite/deps/@auth_create_react.js?v=71b0f1f0:136:32) @ http://localhost:4000/node_modules/.vite/deps/@auth_create_react.js?v=71b0f1f0:36
[  114711ms] [ERROR] ClientFetchError: Unexpected token '<', "
<html>
  <"... is not valid JSON. Read more at https://errors.authjs.dev#autherror
    at fetchData (http://localhost:4000/node_modules/.vite/deps/@auth_create_react.js?v=71b0f1f0:37:20)
    at async getSession (http://localhost:4000/node_modules/.vite/deps/@auth_create_react.js?v=71b0f1f0:190:10)
    at async authConfig.fetchSession (http://localhost:4000/node_modules/.vite/deps/@auth_create_react.js?v=71b0f1f0:136:32) @ http://localhost:4000/node_modules/.vite/deps/@auth_create_react.js?v=71b0f1f0:36
[  121742ms] [INFO] %cDownload the React DevTools for a better development experience: https://reactjs.org/link/react-devtools font-weight:bold @ http://localhost:4000/node_modules/.vite/deps/chunk-GSKIDCVT.js?v=71b0f1f0:21608
[  121776ms] [ERROR] ClientFetchError: Unexpected token '<', "
<html>
  <"... is not valid JSON. Read more at https://errors.authjs.dev#autherror
    at fetchData (http://localhost:4000/node_modules/.vite/deps/@auth_create_react.js?v=71b0f1f0:37:20)
    at async getSession (http://localhost:4000/node_modules/.vite/deps/@auth_create_react.js?v=71b0f1f0:190:10)
    at async authConfig.fetchSession (http://localhost:4000/node_modules/.vite/deps/@auth_create_react.js?v=71b0f1f0:136:32) @ http://localhost:4000/node_modules/.vite/deps/@auth_create_react.js?v=71b0f1f0:36
[  121779ms] [ERROR] ClientFetchError: Unexpected token '<', "
<html>
  <"... is not valid JSON. Read more at https://errors.authjs.dev#autherror
    at fetchData (http://localhost:4000/node_modules/.vite/deps/@auth_create_react.js?v=71b0f1f0:37:20)
    at async getSession (http://localhost:4000/node_modules/.vite/deps/@auth_create_react.js?v=71b0f1f0:190:10)
    at async authConfig.fetchSession (http://localhost:4000/node_modules/.vite/deps/@auth_create_react.js?v=71b0f1f0:136:32) @ http://localhost:4000/node_modules/.vite/deps/@auth_create_react.js?v=71b0f1f0:36
[  122358ms] [INFO] %cDownload the React DevTools for a better development experience: https://reactjs.org/link/react-devtools font-weight:bold @ http://localhost:4000/node_modules/.vite/deps/chunk-GSKIDCVT.js?v=71b0f1f0:21608
[  122416ms] [ERROR] ClientFetchError: Unexpected token '<', "
<html>
  <"... is not valid JSON. Read more at https://errors.authjs.dev#autherror
    at fetchData (http://localhost:4000/node_modules/.vite/deps/@auth_create_react.js?v=71b0f1f0:37:20)
    at async getSession (http://localhost:4000/node_modules/.vite/deps/@auth_create_react.js?v=71b0f1f0:190:10)
    at async authConfig.fetchSession (http://localhost:4000/node_modules/.vite/deps/@auth_create_react.js?v=71b0f1f0:136:32) @ http://localhost:4000/node_modules/.vite/deps/@auth_create_react.js?v=71b0f1f0:36
[  122418ms] [ERROR] ClientFetchError: Unexpected token '<', "
<html>
  <"... is not valid JSON. Read more at https://errors.authjs.dev#autherror
    at fetchData (http://localhost:4000/node_modules/.vite/deps/@auth_create_react.js?v=71b0f1f0:37:20)
    at async getSession (http://localhost:4000/node_modules/.vite/deps/@auth_create_react.js?v=71b0f1f0:190:10)
    at async authConfig.fetchSession (http://localhost:4000/node_modules/.vite/deps/@auth_create_react.js?v=71b0f1f0:136:32) @ http://localhost:4000/node_modules/.vite/deps/@auth_create_react.js?v=71b0f1f0:36
[  123369ms] [INFO] %cDownload the React DevTools for a better development experience: https://reactjs.org/link/react-devtools font-weight:bold @ http://localhost:4000/node_modules/.vite/deps/chunk-GSKIDCVT.js?v=71b0f1f0:21608
[  123395ms] [ERROR] ClientFetchError: Unexpected token '<', "
<html>
  <"... is not valid JSON. Read more at https://errors.authjs.dev#autherror
    at fetchData (http://localhost:4000/node_modules/.vite/deps/@auth_create_react.js?v=71b0f1f0:37:20)
    at async getSession (http://localhost:4000/node_modules/.vite/deps/@auth_create_react.js?v=71b0f1f0:190:10)
    at async authConfig.fetchSession (http://localhost:4000/node_modules/.vite/deps/@auth_create_react.js?v=71b0f1f0:136:32) @ http://localhost:4000/node_modules/.vite/deps/@auth_create_react.js?v=71b0f1f0:36
[  123397ms] [ERROR] ClientFetchError: Unexpected token '<', "
<html>
  <"... is not valid JSON. Read more at https://errors.authjs.dev#autherror
    at fetchData (http://localhost:4000/node_modules/.vite/deps/@auth_create_react.js?v=71b0f1f0:37:20)
    at async getSession (http://localhost:4000/node_modules/.vite/deps/@auth_create_react.js?v=71b0f1f0:190:10)
    at async authConfig.fetchSession (http://localhost:4000/node_modules/.vite/deps/@auth_create_react.js?v=71b0f1f0:136:32) @ http://localhost:4000/node_modules/.vite/deps/@auth_create_react.js?v=71b0f1f0:36
[  144372ms] [INFO] %cDownload the React DevTools for a better development experience: https://reactjs.org/link/react-devtools font-weight:bold @ http://localhost:4000/node_modules/.vite/deps/chunk-GSKIDCVT.js?v=71b0f1f0:21608
[  144442ms] [ERROR] ClientFetchError: Unexpected token '<', "
<html>
  <"... is not valid JSON. Read more at https://errors.authjs.dev#autherror
    at fetchData (http://localhost:4000/node_modules/.vite/deps/@auth_create_react.js?v=71b0f1f0:37:20)
    at async getSession (http://localhost:4000/node_modules/.vite/deps/@auth_create_react.js?v=71b0f1f0:190:10)
    at async authConfig.fetchSession (http://localhost:4000/node_modules/.vite/deps/@auth_create_react.js?v=71b0f1f0:136:32) @ http://localhost:4000/node_modules/.vite/deps/@auth_create_react.js?v=71b0f1f0:36
[  144442ms] [ERROR] ClientFetchError: Unexpected token '<', "
<html>
  <"... is not valid JSON. Read more at https://errors.authjs.dev#autherror
    at fetchData (http://localhost:4000/node_modules/.vite/deps/@auth_create_react.js?v=71b0f1f0:37:20)
    at async getSession (http://localhost:4000/node_modules/.vite/deps/@auth_create_react.js?v=71b0f1f0:190:10)
    at async authConfig.fetchSession (http://localhost:4000/node_modules/.vite/deps/@auth_create_react.js?v=71b0f1f0:136:32) @ http://localhost:4000/node_modules/.vite/deps/@auth_create_react.js?v=71b0f1f0:36
