[     198ms] [INFO] %cDownload the React DevTools for a better development experience: https://reactjs.org/link/react-devtools font-weight:bold @ http://localhost:4000/node_modules/.vite/deps/chunk-GSKIDCVT.js?v=ccff355d:21608
[     235ms] [ERROR] ClientFetchError: Unexpected token '<', "
<html>
  <"... is not valid JSON. Read more at https://errors.authjs.dev#autherror
    at fetchData (http://localhost:4000/node_modules/.vite/deps/@auth_create_react.js?v=ccff355d:37:20)
    at async getSession (http://localhost:4000/node_modules/.vite/deps/@auth_create_react.js?v=ccff355d:190:10)
    at async authConfig.fetchSession (http://localhost:4000/node_modules/.vite/deps/@auth_create_react.js?v=ccff355d:136:32) @ http://localhost:4000/node_modules/.vite/deps/@auth_create_react.js?v=ccff355d:36
[     235ms] [ERROR] ClientFetchError: Unexpected token '<', "
<html>
  <"... is not valid JSON. Read more at https://errors.authjs.dev#autherror
    at fetchData (http://localhost:4000/node_modules/.vite/deps/@auth_create_react.js?v=ccff355d:37:20)
    at async getSession (http://localhost:4000/node_modules/.vite/deps/@auth_create_react.js?v=ccff355d:190:10)
    at async authConfig.fetchSession (http://localhost:4000/node_modules/.vite/deps/@auth_create_react.js?v=ccff355d:136:32) @ http://localhost:4000/node_modules/.vite/deps/@auth_create_react.js?v=ccff355d:36
[  112270ms] [LOG] [vite] server connection lost. Polling for restart... @ http://localhost:4000/@vite/client:974
[  114575ms] [ERROR] WebSocket connection to 'ws://localhost:4000/' failed: Error in connection establishment: net::ERR_CONNECTION_REFUSED @ http://localhost:4000/@vite/client:1045
[  118760ms] [INFO] %cDownload the React DevTools for a better development experience: https://reactjs.org/link/react-devtools font-weight:bold @ http://localhost:4000/node_modules/.vite/deps/chunk-GSKIDCVT.js?v=640a173c:21608
[  118842ms] [ERROR] ClientFetchError: Unexpected token '<', "
<html>
  <"... is not valid JSON. Read more at https://errors.authjs.dev#autherror
    at fetchData (http://localhost:4000/node_modules/.vite/deps/@auth_create_react.js?v=c14620d9:37:20)
    at async getSession (http://localhost:4000/node_modules/.vite/deps/@auth_create_react.js?v=c14620d9:190:10)
    at async authConfig.fetchSession (http://localhost:4000/node_modules/.vite/deps/@auth_create_react.js?v=c14620d9:136:32) @ http://localhost:4000/node_modules/.vite/deps/@auth_create_react.js?v=c14620d9:36
[  118846ms] [ERROR] ClientFetchError: Unexpected token '<', "
<html>
  <"... is not valid JSON. Read more at https://errors.authjs.dev#autherror
    at fetchData (http://localhost:4000/node_modules/.vite/deps/@auth_create_react.js?v=c14620d9:37:20)
    at async getSession (http://localhost:4000/node_modules/.vite/deps/@auth_create_react.js?v=c14620d9:190:10)
    at async authConfig.fetchSession (http://localhost:4000/node_modules/.vite/deps/@auth_create_react.js?v=c14620d9:136:32) @ http://localhost:4000/node_modules/.vite/deps/@auth_create_react.js?v=c14620d9:36
