[      76ms] [INFO] %cDownload the React DevTools for a better development experience: https://reactjs.org/link/react-devtools font-weight:bold @ http://localhost:4000/node_modules/.vite/deps/chunk-GSKIDCVT.js?v=ccff355d:21608
[     131ms] [ERROR] ClientFetchError: Unexpected token '<', "
<html>
  <"... is not valid JSON. Read more at https://errors.authjs.dev#autherror
    at fetchData (http://localhost:4000/node_modules/.vite/deps/@auth_create_react.js?v=ccff355d:37:20)
    at async getSession (http://localhost:4000/node_modules/.vite/deps/@auth_create_react.js?v=ccff355d:190:10)
    at async authConfig.fetchSession (http://localhost:4000/node_modules/.vite/deps/@auth_create_react.js?v=ccff355d:136:32) @ http://localhost:4000/node_modules/.vite/deps/@auth_create_react.js?v=ccff355d:36
[     134ms] [ERROR] ClientFetchError: Unexpected token '<', "
<html>
  <"... is not valid JSON. Read more at https://errors.authjs.dev#autherror
    at fetchData (http://localhost:4000/node_modules/.vite/deps/@auth_create_react.js?v=ccff355d:37:20)
    at async getSession (http://localhost:4000/node_modules/.vite/deps/@auth_create_react.js?v=ccff355d:190:10)
    at async authConfig.fetchSession (http://localhost:4000/node_modules/.vite/deps/@auth_create_react.js?v=ccff355d:136:32) @ http://localhost:4000/node_modules/.vite/deps/@auth_create_react.js?v=ccff355d:36
[   60129ms] [INFO] %cDownload the React DevTools for a better development experience: https://reactjs.org/link/react-devtools font-weight:bold @ http://localhost:4000/node_modules/.vite/deps/chunk-GSKIDCVT.js?v=ccff355d:21608
[   60170ms] [ERROR] ClientFetchError: Unexpected token '<', "
<html>
  <"... is not valid JSON. Read more at https://errors.authjs.dev#autherror
    at fetchData (http://localhost:4000/node_modules/.vite/deps/@auth_create_react.js?v=ccff355d:37:20)
    at async getSession (http://localhost:4000/node_modules/.vite/deps/@auth_create_react.js?v=ccff355d:190:10)
    at async authConfig.fetchSession (http://localhost:4000/node_modules/.vite/deps/@auth_create_react.js?v=ccff355d:136:32) @ http://localhost:4000/node_modules/.vite/deps/@auth_create_react.js?v=ccff355d:36
[   60171ms] [ERROR] ClientFetchError: Unexpected token '<', "
<html>
  <"... is not valid JSON. Read more at https://errors.authjs.dev#autherror
    at fetchData (http://localhost:4000/node_modules/.vite/deps/@auth_create_react.js?v=ccff355d:37:20)
    at async getSession (http://localhost:4000/node_modules/.vite/deps/@auth_create_react.js?v=ccff355d:190:10)
    at async authConfig.fetchSession (http://localhost:4000/node_modules/.vite/deps/@auth_create_react.js?v=ccff355d:136:32) @ http://localhost:4000/node_modules/.vite/deps/@auth_create_react.js?v=ccff355d:36
