[      72ms] [INFO] %cDownload the React DevTools for a better development experience: https://reactjs.org/link/react-devtools font-weight:bold @ http://localhost:4000/node_modules/.vite/deps/chunk-GSKIDCVT.js?v=640a173c:21608
[     131ms] [ERROR] ClientFetchError: Unexpected token '<', "
<html>
  <"... is not valid JSON. Read more at https://errors.authjs.dev#autherror
    at fetchData (http://localhost:4000/node_modules/.vite/deps/@auth_create_react.js?v=c14620d9:37:20)
    at async getSession (http://localhost:4000/node_modules/.vite/deps/@auth_create_react.js?v=c14620d9:190:10)
    at async authConfig.fetchSession (http://localhost:4000/node_modules/.vite/deps/@auth_create_react.js?v=c14620d9:136:32) @ http://localhost:4000/node_modules/.vite/deps/@auth_create_react.js?v=c14620d9:36
[     135ms] [ERROR] ClientFetchError: Unexpected token '<', "
<html>
  <"... is not valid JSON. Read more at https://errors.authjs.dev#autherror
    at fetchData (http://localhost:4000/node_modules/.vite/deps/@auth_create_react.js?v=c14620d9:37:20)
    at async getSession (http://localhost:4000/node_modules/.vite/deps/@auth_create_react.js?v=c14620d9:190:10)
    at async authConfig.fetchSession (http://localhost:4000/node_modules/.vite/deps/@auth_create_react.js?v=c14620d9:136:32) @ http://localhost:4000/node_modules/.vite/deps/@auth_create_react.js?v=c14620d9:36
[ 1166954ms] [INFO] %cDownload the React DevTools for a better development experience: https://reactjs.org/link/react-devtools font-weight:bold @ http://localhost:4000/node_modules/.vite/deps/chunk-GSKIDCVT.js?v=640a173c:21608
[ 1166989ms] [ERROR] ClientFetchError: Unexpected token '<', "
<html>
  <"... is not valid JSON. Read more at https://errors.authjs.dev#autherror
    at fetchData (http://localhost:4000/node_modules/.vite/deps/@auth_create_react.js?v=c14620d9:37:20)
    at async getSession (http://localhost:4000/node_modules/.vite/deps/@auth_create_react.js?v=c14620d9:190:10)
    at async authConfig.fetchSession (http://localhost:4000/node_modules/.vite/deps/@auth_create_react.js?v=c14620d9:136:32) @ http://localhost:4000/node_modules/.vite/deps/@auth_create_react.js?v=c14620d9:36
[ 1166993ms] [ERROR] ClientFetchError: Unexpected token '<', "
<html>
  <"... is not valid JSON. Read more at https://errors.authjs.dev#autherror
    at fetchData (http://localhost:4000/node_modules/.vite/deps/@auth_create_react.js?v=c14620d9:37:20)
    at async getSession (http://localhost:4000/node_modules/.vite/deps/@auth_create_react.js?v=c14620d9:190:10)
    at async authConfig.fetchSession (http://localhost:4000/node_modules/.vite/deps/@auth_create_react.js?v=c14620d9:136:32) @ http://localhost:4000/node_modules/.vite/deps/@auth_create_react.js?v=c14620d9:36
[ 1168035ms] [INFO] %cDownload the React DevTools for a better development experience: https://reactjs.org/link/react-devtools font-weight:bold @ http://localhost:4000/node_modules/.vite/deps/chunk-GSKIDCVT.js?v=640a173c:21608
[ 1168086ms] [ERROR] ClientFetchError: Unexpected token '<', "
<html>
  <"... is not valid JSON. Read more at https://errors.authjs.dev#autherror
    at fetchData (http://localhost:4000/node_modules/.vite/deps/@auth_create_react.js?v=c14620d9:37:20)
    at async getSession (http://localhost:4000/node_modules/.vite/deps/@auth_create_react.js?v=c14620d9:190:10)
    at async authConfig.fetchSession (http://localhost:4000/node_modules/.vite/deps/@auth_create_react.js?v=c14620d9:136:32) @ http://localhost:4000/node_modules/.vite/deps/@auth_create_react.js?v=c14620d9:36
[ 1168088ms] [ERROR] ClientFetchError: Unexpected token '<', "
<html>
  <"... is not valid JSON. Read more at https://errors.authjs.dev#autherror
    at fetchData (http://localhost:4000/node_modules/.vite/deps/@auth_create_react.js?v=c14620d9:37:20)
    at async getSession (http://localhost:4000/node_modules/.vite/deps/@auth_create_react.js?v=c14620d9:190:10)
    at async authConfig.fetchSession (http://localhost:4000/node_modules/.vite/deps/@auth_create_react.js?v=c14620d9:136:32) @ http://localhost:4000/node_modules/.vite/deps/@auth_create_react.js?v=c14620d9:36
[ 1169279ms] [INFO] %cDownload the React DevTools for a better development experience: https://reactjs.org/link/react-devtools font-weight:bold @ http://localhost:4000/node_modules/.vite/deps/chunk-GSKIDCVT.js?v=640a173c:21608
[ 1169310ms] [ERROR] ClientFetchError: Unexpected token '<', "
<html>
  <"... is not valid JSON. Read more at https://errors.authjs.dev#autherror
    at fetchData (http://localhost:4000/node_modules/.vite/deps/@auth_create_react.js?v=c14620d9:37:20)
    at async getSession (http://localhost:4000/node_modules/.vite/deps/@auth_create_react.js?v=c14620d9:190:10)
    at async authConfig.fetchSession (http://localhost:4000/node_modules/.vite/deps/@auth_create_react.js?v=c14620d9:136:32) @ http://localhost:4000/node_modules/.vite/deps/@auth_create_react.js?v=c14620d9:36
[ 1169312ms] [ERROR] ClientFetchError: Unexpected token '<', "
<html>
  <"... is not valid JSON. Read more at https://errors.authjs.dev#autherror
    at fetchData (http://localhost:4000/node_modules/.vite/deps/@auth_create_react.js?v=c14620d9:37:20)
    at async getSession (http://localhost:4000/node_modules/.vite/deps/@auth_create_react.js?v=c14620d9:190:10)
    at async authConfig.fetchSession (http://localhost:4000/node_modules/.vite/deps/@auth_create_react.js?v=c14620d9:136:32) @ http://localhost:4000/node_modules/.vite/deps/@auth_create_react.js?v=c14620d9:36
[ 1201669ms] [ERROR] Failed to load resource: the server responded with a status of 500 (Internal Server Error) @ http://localhost:4000/api/reports/generate-mock:0
[ 1201669ms] [ERROR] Error: An error occurred in your app
    at Object.mutationFn (http://localhost:4000/src/app/page.jsx?noLayout.jsx:103:24) @ http://localhost:4000/src/app/page.jsx?noLayout.jsx:115
[ 1208344ms] [ERROR] Failed to load resource: the server responded with a status of 500 (Internal Server Error) @ http://localhost:4000/api/reports/generate-mock:0
[ 1208344ms] [ERROR] Error: An error occurred in your app
    at Object.mutationFn (http://localhost:4000/src/app/page.jsx?noLayout.jsx:103:24) @ http://localhost:4000/src/app/page.jsx?noLayout.jsx:115
[ 1208877ms] [ERROR] Failed to load resource: the server responded with a status of 500 (Internal Server Error) @ http://localhost:4000/api/reports/generate-mock:0
[ 1208878ms] [ERROR] Error: An error occurred in your app
    at Object.mutationFn (http://localhost:4000/src/app/page.jsx?noLayout.jsx:103:24) @ http://localhost:4000/src/app/page.jsx?noLayout.jsx:115
[ 1209370ms] [ERROR] Failed to load resource: the server responded with a status of 500 (Internal Server Error) @ http://localhost:4000/api/reports/generate:0
[ 1209370ms] [ERROR] Error: An error occurred in your app
    at Object.mutationFn (http://localhost:4000/src/app/page.jsx?noLayout.jsx:103:24) @ http://localhost:4000/src/app/page.jsx?noLayout.jsx:115
[ 1211514ms] [ERROR] Failed to load resource: the server responded with a status of 500 (Internal Server Error) @ http://localhost:4000/api/reports/generate:0
[ 1211515ms] [ERROR] Error: An error occurred in your app
    at Object.mutationFn (http://localhost:4000/src/app/page.jsx?noLayout.jsx:103:24) @ http://localhost:4000/src/app/page.jsx?noLayout.jsx:115
[ 1212589ms] [ERROR] Failed to load resource: the server responded with a status of 500 (Internal Server Error) @ http://localhost:4000/api/reports/generate-mock:0
[ 1212589ms] [ERROR] Error: An error occurred in your app
    at Object.mutationFn (http://localhost:4000/src/app/page.jsx?noLayout.jsx:103:24) @ http://localhost:4000/src/app/page.jsx?noLayout.jsx:115
[ 1213729ms] [INFO] %cDownload the React DevTools for a better development experience: https://reactjs.org/link/react-devtools font-weight:bold @ http://localhost:4000/node_modules/.vite/deps/chunk-GSKIDCVT.js?v=640a173c:21608
[ 1213763ms] [ERROR] ClientFetchError: Unexpected token '<', "
<html>
  <"... is not valid JSON. Read more at https://errors.authjs.dev#autherror
    at fetchData (http://localhost:4000/node_modules/.vite/deps/@auth_create_react.js?v=c14620d9:37:20)
    at async getSession (http://localhost:4000/node_modules/.vite/deps/@auth_create_react.js?v=c14620d9:190:10)
    at async authConfig.fetchSession (http://localhost:4000/node_modules/.vite/deps/@auth_create_react.js?v=c14620d9:136:32) @ http://localhost:4000/node_modules/.vite/deps/@auth_create_react.js?v=c14620d9:36
[ 1213764ms] [ERROR] ClientFetchError: Unexpected token '<', "
<html>
  <"... is not valid JSON. Read more at https://errors.authjs.dev#autherror
    at fetchData (http://localhost:4000/node_modules/.vite/deps/@auth_create_react.js?v=c14620d9:37:20)
    at async getSession (http://localhost:4000/node_modules/.vite/deps/@auth_create_react.js?v=c14620d9:190:10)
    at async authConfig.fetchSession (http://localhost:4000/node_modules/.vite/deps/@auth_create_react.js?v=c14620d9:136:32) @ http://localhost:4000/node_modules/.vite/deps/@auth_create_react.js?v=c14620d9:36
[ 1214731ms] [INFO] %cDownload the React DevTools for a better development experience: https://reactjs.org/link/react-devtools font-weight:bold @ http://localhost:4000/node_modules/.vite/deps/chunk-GSKIDCVT.js?v=640a173c:21608
[ 1214762ms] [ERROR] ClientFetchError: Unexpected token '<', "
<html>
  <"... is not valid JSON. Read more at https://errors.authjs.dev#autherror
    at fetchData (http://localhost:4000/node_modules/.vite/deps/@auth_create_react.js?v=c14620d9:37:20)
    at async getSession (http://localhost:4000/node_modules/.vite/deps/@auth_create_react.js?v=c14620d9:190:10)
    at async authConfig.fetchSession (http://localhost:4000/node_modules/.vite/deps/@auth_create_react.js?v=c14620d9:136:32) @ http://localhost:4000/node_modules/.vite/deps/@auth_create_react.js?v=c14620d9:36
[ 1214765ms] [ERROR] ClientFetchError: Unexpected token '<', "
<html>
  <"... is not valid JSON. Read more at https://errors.authjs.dev#autherror
    at fetchData (http://localhost:4000/node_modules/.vite/deps/@auth_create_react.js?v=c14620d9:37:20)
    at async getSession (http://localhost:4000/node_modules/.vite/deps/@auth_create_react.js?v=c14620d9:190:10)
    at async authConfig.fetchSession (http://localhost:4000/node_modules/.vite/deps/@auth_create_react.js?v=c14620d9:136:32) @ http://localhost:4000/node_modules/.vite/deps/@auth_create_react.js?v=c14620d9:36
[ 1217913ms] [ERROR] Failed to load resource: the server responded with a status of 500 (Internal Server Error) @ http://localhost:4000/api/reports/generate:0
[ 1217914ms] [ERROR] Error: An error occurred in your app
    at Object.mutationFn (http://localhost:4000/src/app/page.jsx?noLayout.jsx:103:24) @ http://localhost:4000/src/app/page.jsx?noLayout.jsx:115
